<?xml version="1.0" encoding="UTF-8"?>
<coverage generated="1656366208">
  <project timestamp="1656366208">
    <file name="/app/src/GetPortfolioInterface.php">
      <metrics loc="18" ncloc="13" classes="0" methods="0" coveredmethods="0" conditionals="0" coveredconditionals="0" statements="0" coveredstatements="0" elements="0" coveredelements="0"/>
    </file>
    <file name="/app/src/GetPositionsInterface.php">
      <metrics loc="18" ncloc="13" classes="0" methods="0" coveredmethods="0" conditionals="0" coveredconditionals="0" statements="0" coveredstatements="0" elements="0" coveredelements="0"/>
    </file>
    <file name="/app/src/GetWithdrawLimitsInterface.php">
      <metrics loc="18" ncloc="13" classes="0" methods="0" coveredmethods="0" conditionals="0" coveredconditionals="0" statements="0" coveredstatements="0" elements="0" coveredelements="0"/>
    </file>
    <file name="/app/src/OperationsService.php">
      <class name="rocketfellows\TinkoffInvestV1OperationsRestClient\OperationsService" namespace="global">
        <metrics complexity="5" methods="5" coveredmethods="5" conditionals="0" coveredconditionals="0" statements="5" coveredstatements="5" elements="10" coveredelements="10"/>
      </class>
      <line num="23" type="method" name="__construct" visibility="public" complexity="1" crap="1" count="3"/>
      <line num="25" type="stmt" count="3"/>
      <line num="28" type="method" name="getPortfolio" visibility="public" complexity="1" crap="1" count="1"/>
      <line num="30" type="stmt" count="1"/>
      <line num="33" type="method" name="getPositions" visibility="public" complexity="1" crap="1" count="1"/>
      <line num="35" type="stmt" count="1"/>
      <line num="38" type="method" name="getWithdrawLimits" visibility="public" complexity="1" crap="1" count="1"/>
      <line num="40" type="stmt" count="1"/>
      <line num="48" type="method" name="requestMethod" visibility="private" complexity="1" crap="1" count="3"/>
      <line num="50" type="stmt" count="3"/>
      <metrics loc="57" ncloc="52" classes="1" methods="5" coveredmethods="5" conditionals="0" coveredconditionals="0" statements="5" coveredstatements="5" elements="10" coveredelements="10"/>
    </file>
    <metrics files="4" loc="111" ncloc="91" classes="1" methods="5" coveredmethods="5" conditionals="0" coveredconditionals="0" statements="5" coveredstatements="5" elements="10" coveredelements="10"/>
  </project>
</coverage>
